<?xml version="1.0" encoding="UTF-8"?>
<!-- Generated by org.testng.reporters.JUnitReportReporter -->
<testsuite hostname="DESKTOP-0BH9N96" failures="0" tests="1" name="com.qa.amz.tests.FirstTest" time="11.395" errors="0" timestamp="2024-01-05T14:29:53 IST" skipped="0">
  <testcase classname="com.qa.amz.tests.FirstTest" name="doClickOnRegisterButton" time="11.395"/>
</testsuite> <!-- com.qa.amz.tests.FirstTest -->
