<?xml version="1.0" encoding="UTF-8"?>
<!-- Generated by org.testng.reporters.JUnitReportReporter -->
<testsuite hostname="DESKTOP-0BH9N96" failures="0" tests="1" name="com.qa.amz.tests.FirstTest" time="8.676" errors="0" timestamp="2024-01-06T07:16:31 IST" skipped="0">
  <testcase classname="com.qa.amz.tests.FirstTest" name="doClickOnRegisterButton" time="8.676"/>
</testsuite> <!-- com.qa.amz.tests.FirstTest -->
